SF:lib\atoms\texts\fake_text_heading2.dart
DA:14,1
DA:39,1
DA:41,3
DA:42,1
DA:43,1
DA:44,1
DA:45,1
DA:46,1
DA:47,1
DA:48,1
DA:49,1
DA:50,1
DA:51,1
DA:52,1
DA:53,1
LF:15
LH:15
end_of_record
SF:lib\atoms\texts\fake_text_heading3.dart
DA:14,1
DA:39,1
DA:41,3
DA:42,1
DA:43,1
DA:44,1
DA:45,1
DA:46,1
DA:47,1
DA:48,1
DA:49,1
DA:50,1
DA:51,1
DA:52,1
DA:53,1
LF:15
LH:15
end_of_record
SF:lib\atoms\texts\fake_text.dart
DA:60,36
DA:108,36
DA:110,36
DA:111,36
DA:112,36
DA:113,36
DA:114,36
DA:115,36
DA:116,36
DA:117,36
DA:118,36
DA:119,36
DA:120,36
DA:121,36
DA:122,36
LF:15
LH:15
end_of_record
SF:lib\atoms\texts\fake_text_medium.dart
DA:14,5
DA:39,5
DA:41,15
DA:42,5
DA:43,5
DA:44,5
DA:45,5
DA:46,5
DA:47,8
DA:48,5
DA:49,5
DA:50,5
DA:51,5
DA:52,5
DA:53,5
LF:15
LH:15
end_of_record
SF:lib\atoms\texts\fake_text_small.dart
DA:14,3
DA:39,3
DA:41,9
DA:42,3
DA:43,3
DA:44,3
DA:45,3
DA:46,3
DA:47,5
DA:48,3
DA:49,3
DA:50,3
DA:51,3
DA:52,3
DA:53,3
LF:15
LH:15
end_of_record
SF:lib\atoms\texts\fake_text_heading6.dart
DA:14,12
DA:39,12
DA:41,36
DA:42,12
DA:43,12
DA:44,12
DA:45,12
DA:46,12
DA:47,20
DA:48,12
DA:49,12
DA:50,12
DA:51,12
DA:52,12
DA:53,12
LF:15
LH:15
end_of_record
SF:lib\atoms\texts\fake_text_large.dart
DA:14,10
DA:39,10
DA:41,30
DA:42,10
DA:43,10
DA:44,10
DA:45,10
DA:46,10
DA:47,13
DA:48,10
DA:49,10
DA:50,10
DA:51,10
DA:52,10
DA:53,10
LF:15
LH:15
end_of_record
SF:lib\atoms\texts\fake_text_heading5.dart
DA:14,4
DA:39,4
DA:41,12
DA:42,4
DA:43,4
DA:44,4
DA:45,4
DA:46,4
DA:47,7
DA:48,4
DA:49,4
DA:50,4
DA:51,4
DA:52,4
DA:53,4
LF:15
LH:15
end_of_record
SF:lib\atoms\texts\fake_text_heading1.dart
DA:14,1
DA:39,1
DA:41,3
DA:42,1
DA:43,1
DA:44,1
DA:45,1
DA:46,1
DA:47,1
DA:48,1
DA:49,1
DA:50,1
DA:51,1
DA:52,1
DA:53,1
LF:15
LH:15
end_of_record
SF:lib\atoms\texts\fake_text_heading4.dart
DA:14,1
DA:39,1
DA:41,3
DA:42,1
DA:43,1
DA:44,1
DA:45,1
DA:46,1
DA:47,1
DA:48,1
DA:49,1
DA:50,1
DA:51,1
DA:52,1
DA:53,1
LF:15
LH:15
end_of_record
SF:lib\atoms\buttons\fake_button_light.dart
DA:29,2
DA:47,1
DA:49,1
DA:50,1
DA:51,1
DA:52,3
DA:53,3
DA:54,1
LF:8
LH:8
end_of_record
SF:lib\atoms\buttons\fake_button_outlined_light.dart
DA:22,2
DA:42,1
DA:44,1
DA:45,1
DA:46,1
DA:47,1
DA:48,1
DA:49,1
DA:50,3
DA:54,1
DA:55,3
LF:11
LH:11
end_of_record
SF:lib\atoms\buttons\fake_button_primary.dart
DA:24,10
DA:46,9
DA:48,9
DA:49,9
DA:50,9
DA:51,18
DA:52,27
DA:53,9
LF:8
LH:8
end_of_record
SF:lib\atoms\buttons\fake_button_secondary.dart
DA:24,1
DA:44,1
DA:46,1
DA:47,1
DA:48,1
DA:49,3
DA:50,3
DA:51,1
LF:8
LH:8
end_of_record
SF:lib\atoms\buttons\fake_button_outlined_secondary.dart
DA:22,2
DA:40,1
DA:42,1
DA:43,1
DA:44,1
DA:45,1
DA:46,1
DA:47,1
DA:48,3
DA:52,1
DA:53,3
LF:11
LH:11
end_of_record
SF:lib\atoms\buttons\fake_button_tertiary.dart
DA:23,2
DA:45,1
DA:47,1
DA:48,1
DA:49,1
DA:50,3
DA:51,3
DA:52,1
LF:8
LH:8
end_of_record
SF:lib\atoms\buttons\fake_button.dart
DA:28,17
DA:64,32
DA:65,16
DA:66,14
DA:67,9
DA:70,32
DA:71,16
DA:75,14
DA:79,9
DA:85,16
DA:87,16
DA:88,16
DA:89,16
DA:92,16
DA:94,48
DA:95,16
DA:96,13
DA:97,13
DA:99,16
DA:100,16
DA:101,16
DA:102,16
DA:104,16
DA:105,16
DA:106,16
DA:113,32
DA:114,32
DA:115,14
DA:116,32
DA:117,45
LF:30
LH:30
end_of_record
SF:lib\atoms\buttons\fake_button_outlined_primary.dart
DA:24,5
DA:42,4
DA:44,4
DA:45,4
DA:46,4
DA:47,4
DA:48,4
DA:49,8
DA:53,4
DA:54,4
DA:55,8
LF:11
LH:11
end_of_record
SF:lib\atoms\spacers\fake_spacer_m.dart
DA:17,281
DA:22,6
DA:24,6
DA:25,6
LF:4
LH:4
end_of_record
SF:lib\atoms\spacers\fake_spacer.dart
DA:42,22
DA:56,22
DA:58,44
DA:59,22
DA:60,42
LF:5
LH:5
end_of_record
SF:lib\atoms\spacers\fake_spacer_s.dart
DA:17,281
DA:22,11
DA:24,11
DA:25,11
LF:4
LH:4
end_of_record
SF:lib\atoms\spacers\fake_spacer_xs.dart
DA:17,169
DA:22,4
DA:24,4
DA:25,4
LF:4
LH:4
end_of_record
SF:lib\atoms\spacers\fake_spacer_l.dart
DA:17,169
DA:22,9
DA:24,9
DA:25,9
LF:4
LH:4
end_of_record
SF:lib\atoms\spacers\fake_spacer_xl.dart
DA:17,57
DA:22,3
DA:24,3
DA:25,3
LF:4
LH:4
end_of_record
SF:lib\atoms\spacers\fake_spacer_xxl.dart
DA:17,1
DA:22,1
DA:24,1
DA:25,1
LF:4
LH:4
end_of_record
SF:lib\atoms\spacers\fake_spacer_xxs.dart
DA:17,113
DA:22,3
DA:24,3
DA:25,3
LF:4
LH:4
end_of_record
SF:lib\atoms\images\fake_image_asset.dart
DA:23,5
DA:51,5
DA:53,5
DA:54,10
DA:55,5
DA:56,5
DA:57,5
LF:7
LH:7
end_of_record
SF:lib\atoms\images\fake_image_network.dart
DA:32,5
DA:52,5
DA:54,5
DA:55,10
DA:56,5
DA:57,5
DA:58,5
LF:7
LH:7
end_of_record
SF:lib\atoms\images\fake_image.dart
DA:29,10
DA:51,10
DA:53,10
DA:54,10
DA:55,10
DA:56,10
DA:57,10
LF:7
LH:7
end_of_record
SF:lib\atoms\icons\fake_icon.dart
DA:29,175
DA:49,9
DA:51,9
DA:52,9
DA:53,9
DA:54,9
LF:6
LH:6
end_of_record
SF:lib\atoms\text_fields\fake_text_field.dart
DA:22,6
DA:238,5
DA:240,5
DA:241,5
DA:244,5
DA:245,5
DA:246,5
DA:247,5
DA:248,5
DA:249,5
DA:250,5
DA:251,5
DA:252,5
DA:253,5
DA:254,5
DA:255,5
DA:256,5
DA:257,5
DA:258,5
DA:259,5
DA:260,5
DA:261,5
DA:262,5
DA:263,5
DA:264,5
DA:265,5
DA:266,5
DA:267,5
DA:268,5
DA:269,5
DA:270,5
DA:271,5
DA:273,5
DA:275,5
DA:276,5
DA:277,5
DA:278,5
DA:279,5
DA:280,5
DA:281,5
DA:282,5
DA:283,5
DA:284,5
DA:285,5
DA:286,5
DA:287,15
DA:288,20
DA:291,10
DA:292,5
DA:293,5
DA:294,5
DA:295,5
DA:296,5
DA:297,5
DA:298,5
LF:55
LH:55
end_of_record
SF:lib\atoms\text_fields\fake_text_field_search.dart
DA:26,3
DA:56,2
DA:57,2
DA:64,2
DA:66,2
DA:67,8
DA:70,2
DA:72,2
DA:73,2
DA:74,2
DA:76,4
DA:77,4
DA:78,4
DA:79,4
DA:80,4
DA:90,4
DA:100,2
DA:101,4
DA:102,2
DA:105,6
DA:108,2
DA:113,1
DA:114,2
DA:115,2
DA:116,3
LF:25
LH:25
end_of_record
SF:lib\atoms\text_fields\fake_text_field_obscure.dart
DA:21,2
DA:49,1
DA:51,1
DA:52,1
DA:53,1
DA:55,1
DA:56,1
DA:57,1
DA:58,1
LF:9
LH:9
end_of_record
SF:lib\foundations\fake_colors_foundation.dart
DA:9,0
LF:1
LH:0
end_of_record
SF:lib\foundations\fake_typography_foundation.dart
DA:11,0
LF:1
LH:0
end_of_record
SF:lib\molecules\app_bars\fake_default_app_bar.dart
DA:16,2
DA:21,2
DA:24,2
DA:26,2
DA:27,4
LF:5
LH:5
end_of_record
SF:lib\molecules\app_bars\fake_light_app_bar.dart
DA:16,1
DA:21,1
DA:24,1
DA:26,1
DA:28,3
DA:29,1
DA:30,1
DA:31,1
DA:32,3
LF:9
LH:9
end_of_record
SF:lib\molecules\app_bars\fake_search_app_bar.dart
DA:38,1
DA:55,1
DA:58,1
DA:60,1
DA:64,1
DA:65,1
DA:66,1
DA:67,1
DA:68,1
DA:71,1
DA:72,1
DA:73,2
DA:74,1
DA:75,1
DA:76,1
DA:77,1
DA:78,1
DA:79,1
DA:80,1
LF:19
LH:19
end_of_record
SF:lib\molecules\cards\fake_horizontal_image_card.dart
DA:42,1
DA:78,1
DA:80,1
DA:81,1
DA:84,1
DA:86,1
DA:88,1
DA:89,1
DA:92,1
DA:94,1
DA:95,1
DA:96,2
DA:97,1
DA:98,1
DA:99,1
DA:100,1
DA:103,1
DA:104,1
DA:105,1
DA:106,1
DA:108,1
DA:109,1
DA:110,1
DA:111,1
DA:113,1
DA:114,1
DA:117,1
LF:27
LH:27
end_of_record
SF:lib\molecules\cards\fake_top_sticky_card.dart
DA:26,1
DA:34,1
DA:36,2
DA:37,1
DA:39,1
DA:40,1
DA:44,1
DA:45,1
DA:46,1
DA:52,1
DA:53,1
DA:55,1
LF:12
LH:12
end_of_record
SF:lib\molecules\cards\fake_product_card.dart
DA:37,1
DA:77,1
DA:79,1
DA:80,1
DA:83,1
DA:86,1
DA:89,1
DA:90,1
DA:92,1
DA:94,1
DA:95,1
DA:96,1
DA:97,1
DA:98,1
DA:105,1
DA:107,1
DA:111,1
DA:112,1
DA:120,1
DA:124,1
DA:125,1
DA:127,3
DA:132,1
DA:136,1
DA:137,4
DA:142,1
DA:145,1
DA:148,1
DA:150,1
DA:151,1
DA:152,1
DA:153,1
DA:156,1
DA:157,1
DA:158,1
DA:159,1
LF:36
LH:36
end_of_record
SF:lib\molecules\cards\fake_information_card.dart
DA:21,1
DA:53,1
DA:55,1
DA:56,1
DA:59,1
DA:61,1
DA:63,1
DA:64,1
DA:67,1
DA:69,1
DA:70,1
DA:71,1
DA:72,1
DA:74,1
DA:75,1
DA:76,1
DA:78,1
DA:79,1
DA:81,2
DA:83,1
DA:84,1
DA:85,1
DA:88,3
DA:89,1
LF:24
LH:24
end_of_record
SF:lib\molecules\cards\fake_shopping_cart_card.dart
DA:15,1
DA:55,1
DA:56,1
DA:62,1
DA:64,1
DA:65,2
DA:66,3
DA:70,1
DA:72,1
DA:73,6
DA:74,5
DA:78,1
DA:80,1
DA:82,1
DA:85,1
DA:86,1
DA:88,1
DA:93,1
DA:95,1
DA:96,1
DA:97,1
DA:98,1
DA:99,2
DA:105,1
DA:106,1
DA:109,1
DA:110,1
DA:111,2
DA:117,1
DA:118,5
DA:124,1
DA:126,1
DA:127,1
DA:128,2
DA:129,1
DA:131,1
DA:132,1
DA:135,3
DA:137,1
DA:138,2
DA:139,3
DA:146,1
DA:147,2
DA:148,1
DA:149,1
DA:150,3
DA:153,1
DA:155,1
DA:158,3
DA:163,1
DA:165,1
DA:166,1
DA:167,2
DA:175,1
DA:176,1
DA:180,1
DA:181,2
DA:182,1
DA:183,1
DA:184,3
DA:187,1
DA:189,1
DA:192,3
LF:63
LH:63
end_of_record
SF:lib\molecules\cards\fake_horizontal_product_card.dart
DA:32,1
DA:72,1
DA:74,1
DA:75,1
DA:78,1
DA:80,1
DA:83,1
DA:84,1
DA:86,1
DA:91,1
DA:93,1
DA:94,1
DA:95,1
DA:96,1
DA:97,1
DA:103,1
DA:104,1
DA:107,1
DA:108,1
DA:109,1
DA:115,1
DA:116,1
DA:118,3
DA:122,1
DA:123,4
DA:129,1
DA:131,1
DA:132,1
DA:133,1
DA:134,1
DA:138,1
DA:139,1
DA:140,1
DA:141,1
LF:34
LH:34
end_of_record
SF:lib\molecules\chips\fake_chip.dart
DA:28,1
DA:44,1
DA:46,1
DA:47,1
DA:48,1
DA:49,1
DA:51,1
DA:56,1
DA:57,1
DA:58,1
LF:10
LH:10
end_of_record
SF:lib\molecules\list_tiles\fake_list_tile.dart
DA:22,1
DA:42,1
DA:44,2
DA:45,1
DA:46,1
DA:49,1
DA:50,1
DA:51,1
DA:53,1
DA:55,1
DA:57,1
DA:58,1
DA:59,1
DA:63,1
DA:64,1
DA:67,1
DA:68,1
DA:69,1
DA:70,1
LF:19
LH:19
end_of_record
SF:lib\molecules\modals\fake_modal.dart
DA:43,5
DA:67,5
DA:69,5
DA:70,5
DA:71,5
DA:72,5
DA:73,5
DA:75,15
DA:76,5
DA:78,5
DA:81,5
DA:82,9
DA:83,4
DA:86,5
DA:87,5
DA:90,7
DA:92,2
DA:93,2
DA:95,6
DA:98,10
DA:100,5
LF:21
LH:21
end_of_record
SF:lib\molecules\modals\fake_modal_warning.dart
DA:30,1
DA:38,1
DA:41,2
DA:45,1
DA:48,3
DA:50,1
DA:52,1
LF:7
LH:7
end_of_record
SF:lib\molecules\modals\fake_modal_decision.dart
DA:38,1
DA:48,1
DA:51,2
DA:55,1
DA:56,1
DA:57,1
DA:59,1
DA:66,1
DA:68,1
LF:9
LH:9
end_of_record
SF:lib\molecules\modals\fake_modal_loading.dart
DA:23,1
DA:24,1
DA:27,2
DA:29,1
DA:30,1
DA:31,1
DA:33,3
DA:34,1
DA:36,1
DA:39,1
DA:42,1
LF:11
LH:11
end_of_record
SF:lib\molecules\modals\fake_modal_success.dart
DA:26,1
DA:34,1
DA:37,2
DA:41,1
DA:44,3
DA:46,1
DA:48,1
LF:7
LH:7
end_of_record
SF:lib\molecules\modals\fake_modal_error.dart
DA:29,1
DA:37,1
DA:40,2
DA:44,1
DA:47,3
DA:49,1
DA:51,1
LF:7
LH:7
end_of_record
SF:lib\organisms\avatar_stack\fake_avatar_stack.dart
DA:39,1
DA:59,1
DA:61,1
DA:63,1
DA:64,1
DA:65,1
DA:66,4
DA:67,1
DA:68,1
DA:70,1
DA:71,2
DA:72,1
DA:73,1
LF:13
LH:13
end_of_record
SF:lib\organisms\bottom_navigation_bar\fake_bottom_navigation_bar.dart
DA:44,1
DA:66,1
DA:68,1
DA:69,1
DA:70,3
DA:74,1
DA:75,1
DA:76,3
DA:83,1
DA:84,1
DA:86,1
DA:87,1
LF:12
LH:12
end_of_record
SF:lib\organisms\rating_stars\fake_rating_stars.dart
DA:7,1
DA:12,1
DA:14,1
DA:16,1
DA:18,1
DA:19,1
DA:21,1
DA:22,1
DA:23,1
DA:24,1
DA:31,3
DA:38,7
LF:12
LH:12
end_of_record
SF:lib\pages\error\fake_error_page.dart
DA:27,1
DA:55,1
DA:57,1
DA:58,1
DA:59,1
DA:61,1
DA:62,1
DA:63,1
DA:65,1
DA:66,1
DA:67,1
DA:68,1
DA:69,1
DA:70,1
LF:14
LH:14
end_of_record
SF:lib\templates\error\fake_error_template.dart
DA:18,2
DA:42,2
DA:44,2
DA:46,2
DA:49,2
DA:50,2
DA:51,2
DA:55,2
DA:56,2
DA:59,4
DA:61,2
DA:62,2
DA:64,6
DA:67,4
DA:69,2
DA:71,2
DA:72,2
DA:73,2
LF:18
LH:18
end_of_record
SF:lib\templates\information\fake_information_template.dart
DA:18,1
DA:34,1
DA:36,1
DA:38,1
DA:41,1
DA:42,1
DA:43,1
DA:47,1
DA:48,1
DA:51,2
DA:53,1
DA:54,1
DA:56,3
LF:13
LH:13
end_of_record
SF:lib\themes\fake_theme.dart
DA:7,0
DA:9,0
DA:120,0
DA:122,0
DA:123,0
DA:132,0
DA:153,2
DA:154,1
DA:155,1
LF:9
LH:3
end_of_record
SF:lib\tokens\fake_colors.dart
DA:5,0
LF:1
LH:0
end_of_record
SF:lib\tokens\fake_spacing.dart
DA:3,0
LF:1
LH:0
end_of_record
SF:lib\tokens\fake_typography.dart
DA:3,0
LF:1
LH:0
end_of_record
